<?xml version="1.0" encoding="UTF-8"?>
<!-- Generated by org.testng.reporters.JUnitXMLReporter -->
<testsuite ignored="0" hostname="LAPTOP-BIM2FR3V" failures="0" tests="5" name="Test" time="74.715" errors="0" timestamp="2024-11-26T12:01:10 IST">
  <testcase classname="testScenarios.HandlingDynData" name="dynData" time="24.27"/>
  <testcase classname="testScenarios.CheckBoxAndRadBtns" name="radChk" time="22.113"/>
  <testcase classname="testScenarios.DatePicker" name="selDate" time="8.697"/>
  <testcase classname="testScenarios.SwitchingWin" name="SwitchWindows" time="7.995"/>
  <testcase classname="testScenarios.DragAndDrop" name="MousActions" time="11.581"/>
</testsuite> <!-- Test -->
