<?xml version="1.0" encoding="UTF-8"?>
<!-- Generated by org.testng.reporters.JUnitXMLReporter -->
<testsuite ignored="0" hostname="LAPTOP-BIM2FR3V" failures="0" tests="5" name="Test" time="72.11" errors="0" timestamp="2024-12-11T10:59:39 IST">
  <testcase classname="testScenarios.HandlingDynData" name="dynData" time="23.713"/>
  <testcase classname="testScenarios.CheckBoxAndRadBtns" name="radChk" time="21.013"/>
  <testcase classname="testScenarios.DatePicker" name="selDate" time="9.828"/>
  <testcase classname="testScenarios.SwitchingWin" name="SwitchWindows" time="7.192"/>
  <testcase classname="testScenarios.DragAndDrop" name="MousActions" time="10.283"/>
</testsuite> <!-- Test -->
