<?xml version="1.0" encoding="UTF-8"?>
<testsuite xmlns:xsi="http://www.w3.org/2001/XMLSchema-instance" xsi:noNamespaceSchemaLocation="https://maven.apache.org/surefire/maven-surefire-plugin/xsd/surefire-test-report.xsd" version="3.0.1" name="TestSuite" time="73.107" tests="5" errors="0" skipped="0" failures="0">
  <properties>
[...]
</properties>
  <testcase name="dynData" classname="testScenarios.HandlingDynData" time="23.72">
    <system-out><![CDATA[What is 4 + 4
4	4
8
Calculation is correct
What is 6 + 1
6	1
7
Calculation is correct
What is 2 + 6
2	6
8
Calculation is correct
]]></system-out>
    <system-err><![CDATA[SLF4J: Failed to load class "org.slf4j.impl.StaticLoggerBinder".
SLF4J: Defaulting to no-operation (NOP) logger implementation
SLF4J: See http://www.slf4j.org/codes.html#StaticLoggerBinder for further details.
Dec 11, 2024 10:58:30 AM org.openqa.selenium.devtools.CdpVersionFinder findNearestMatch
WARNING: Unable to find an exact match for CDP version 131, returning the closest version; found: 130; Please update to a Selenium version that supports CDP version 131
]]></system-err>
  </testcase>
  <testcase name="radChk" classname="testScenarios.CheckBoxAndRadBtns" time="21.014">
    <system-out><![CDATA[BMW Radio button is selected..
Benz and Honda are selected...
]]></system-out>
    <system-err><![CDATA[Dec 11, 2024 10:58:52 AM org.openqa.selenium.devtools.CdpVersionFinder findNearestMatch
WARNING: Unable to find an exact match for CDP version 131, returning the closest version; found: 130; Please update to a Selenium version that supports CDP version 131
]]></system-err>
  </testcase>
  <testcase name="selDate" classname="testScenarios.DatePicker" time="9.827">
    <system-err><![CDATA[Dec 11, 2024 10:59:13 AM org.openqa.selenium.devtools.CdpVersionFinder findNearestMatch
WARNING: Unable to find an exact match for CDP version 131, returning the closest version; found: 130; Please update to a Selenium version that supports CDP version 131
]]></system-err>
  </testcase>
  <testcase name="SwitchWindows" classname="testScenarios.SwitchingWin" time="7.191">
    <system-out><![CDATA[total windows=2
0F3BCAF2013A249478BE7643AF33A429
5434961A732F93591CAEFFC76AC1556E
window1 title=W3Schools Tryit Editor
window2 title=W3Schools Online Web Tutorials
]]></system-out>
    <system-err><![CDATA[Dec 11, 2024 10:59:23 AM org.openqa.selenium.devtools.CdpVersionFinder findNearestMatch
WARNING: Unable to find an exact match for CDP version 131, returning the closest version; found: 130; Please update to a Selenium version that supports CDP version 131
]]></system-err>
  </testcase>
  <testcase name="MousActions" classname="testScenarios.DragAndDrop" time="10.284">
    <system-err><![CDATA[Dec 11, 2024 10:59:30 AM org.openqa.selenium.devtools.CdpVersionFinder findNearestMatch
WARNING: Unable to find an exact match for CDP version 131, returning the closest version; found: 130; Please update to a Selenium version that supports CDP version 131
]]></system-err>
  </testcase>
</testsuite>