<?xml version="1.0" encoding="UTF-8"?>
<testng-results ignored="0" total="5" passed="5" failed="0" skipped="0">
  <reporter-output>
  </reporter-output>
  <suite started-at="2024-12-11T10:58:27 IST" name="Suite" finished-at="2024-12-11T10:59:39 IST" duration-ms="72110">
    <groups>
    </groups>
    <test started-at="2024-12-11T10:58:27 IST" name="Test" finished-at="2024-12-11T10:59:39 IST" duration-ms="72110">
      <class name="testScenarios.CheckBoxAndRadBtns">
        <test-method signature="radChk()[pri:0, instance:testScenarios.CheckBoxAndRadBtns@7ed7259e]" started-at="2024-12-11T10:58:50 IST" name="radChk" finished-at="2024-12-11T10:59:12 IST" duration-ms="21013" status="PASS">
          <reporter-output>
          </reporter-output>
        </test-method> <!-- radChk -->
      </class> <!-- testScenarios.CheckBoxAndRadBtns -->
      <class name="testScenarios.HandlingDynData">
        <test-method signature="dynData()[pri:0, instance:testScenarios.HandlingDynData@39529185]" started-at="2024-12-11T10:58:27 IST" name="dynData" finished-at="2024-12-11T10:58:50 IST" duration-ms="23713" status="PASS">
          <reporter-output>
          </reporter-output>
        </test-method> <!-- dynData -->
      </class> <!-- testScenarios.HandlingDynData -->
      <class name="testScenarios.DatePicker">
        <test-method signature="selDate()[pri:0, instance:testScenarios.DatePicker@28eaa59a]" started-at="2024-12-11T10:59:12 IST" name="selDate" finished-at="2024-12-11T10:59:21 IST" duration-ms="9828" status="PASS">
          <reporter-output>
          </reporter-output>
        </test-method> <!-- selDate -->
      </class> <!-- testScenarios.DatePicker -->
      <class name="testScenarios.DragAndDrop">
        <test-method signature="MousActions()[pri:0, instance:testScenarios.DragAndDrop@647e447]" started-at="2024-12-11T10:59:29 IST" name="MousActions" finished-at="2024-12-11T10:59:39 IST" duration-ms="10283" status="PASS">
          <reporter-output>
          </reporter-output>
        </test-method> <!-- MousActions -->
      </class> <!-- testScenarios.DragAndDrop -->
      <class name="testScenarios.SwitchingWin">
        <test-method signature="SwitchWindows()[pri:0, instance:testScenarios.SwitchingWin@3427b02d]" started-at="2024-12-11T10:59:21 IST" name="SwitchWindows" finished-at="2024-12-11T10:59:29 IST" duration-ms="7192" status="PASS">
          <reporter-output>
          </reporter-output>
        </test-method> <!-- SwitchWindows -->
      </class> <!-- testScenarios.SwitchingWin -->
    </test> <!-- Test -->
  </suite> <!-- Suite -->
</testng-results>
